
 Ansys Mechanical Enterprise Academic Student      


 *------------------------------------------------------------------*
 |                                                                  |
 |   W E L C O M E   T O   T H E   A N S Y S (R)  P R O G R A M     |
 |                                                                  |
 *------------------------------------------------------------------*




 ***************************************************************
 *         ANSYS MAPDL 2022 R2          LEGAL NOTICES          *
 ***************************************************************
 *                                                             *
 * Copyright 1971-2022 Ansys, Inc.  All rights reserved.       *
 * Unauthorized use, distribution or duplication is            *
 * prohibited.                                                 *
 *                                                             *
 * Ansys is a registered trademark of Ansys, Inc. or its       *
 * subsidiaries in the United States or other countries.       *
 * See the Ansys, Inc. online documentation or the Ansys, Inc. *
 * documentation CD or online help for the complete Legal      *
 * Notice.                                                     *
 *                                                             *
 ***************************************************************
 *                                                             *
 * THIS ANSYS SOFTWARE PRODUCT AND PROGRAM DOCUMENTATION       *
 * INCLUDE TRADE SECRETS AND CONFIDENTIAL AND PROPRIETARY      *
 * PRODUCTS OF ANSYS, INC., ITS SUBSIDIARIES, OR LICENSORS.    *
 * The software products and documentation are furnished by    *
 * Ansys, Inc. or its subsidiaries under a software license    *
 * agreement that contains provisions concerning               *
 * non-disclosure, copying, length and nature of use,          *
 * compliance with exporting laws, warranties, disclaimers,    *
 * limitations of liability, and remedies, and other           *
 * provisions.  The software products and documentation may be *
 * used, disclosed, transferred, or copied only in accordance  *
 * with the terms and conditions of that software license      *
 * agreement.                                                  *
 *                                                             *
 * Ansys, Inc. is a UL registered                              *
 * ISO 9001:2015 company.                                      *
 *                                                             *
 ***************************************************************
 *                                                             *
 * This product is subject to U.S. laws governing export and   *
 * re-export.                                                  *
 *                                                             *
 * For U.S. Government users, except as specifically granted   *
 * by the Ansys, Inc. software license agreement, the use,     *
 * duplication, or disclosure by the United States Government  *
 * is subject to restrictions stated in the Ansys, Inc.        *
 * software license agreement and FAR 12.212 (for non-DOD      *
 * licenses).                                                  *
 *                                                             *
 ***************************************************************

 2022 R2 
     
 Point Releases and Patches installed:   
     
 Ansys, Inc. Products 2022 R2
 Autodyn 2022 R2 
 SpaceClaim 2022 R2  
 CFX (includes CFD-Post) 2022 R2 
 Chemkin 2022 R2 
 EnSight 2022 R2 
 FENSAP-ICE 2022 R2  
 Fluent (includes CFD-Post) 2022 R2  
 Polyflow (includes CFD-Post) 2022 R2
 Forte (includes EnSight) 2022 R2
 TurboGrid 2022 R2   
 Aqwa 2022 R2
 Mechanical Products 2022 R2 
 ACIS Geometry Interface 2022 R2 
 AutoCAD Geometry Interface 2022 R2  
 Catia, Version 4 Geometry Interface 2022 R2 
 Catia, Version 5 Geometry Interface 2022 R2 
 Catia, Version 6 Geometry Interface 2022 R2 
 Creo Elements/Direct Modeling Geometry Interface 2022 R2
 Creo Parametric Geometry Interface 2022 R2  
 Inventor Geometry Interface 2022 R2 
 JTOpen Geometry Interface 2022 R2   
 NX Geometry Interface 2022 R2   
 Parasolid Geometry Interface  2022 R2   
 Solid Edge Geometry Interface 2022 R2   
 SOLIDWORKS Geometry Interface 2022 R2   
 Academic Student 2022 R2


          *****  MAPDL COMMAND LINE ARGUMENTS  *****
  BATCH MODE REQUESTED (-b)    = NOLIST
  INPUT FILE COPY MODE (-c)    = COPY
  DISTRIBUTED MEMORY PARALLEL REQUESTED
       4 PARALLEL PROCESSES REQUESTED WITH SINGLE THREAD PER PROCESS
    TOTAL OF     4 CORES REQUESTED
  INPUT FILE NAME              = C:\Users\Marko\Documents\1 l Dokumenti\1 l Fakulteta\5 l 5. semester\3 l Dinamika togih teles\1 l Seminar\metamaterials\Ansys\_ProjectScratch\Scr9C16\dummy.dat
  OUTPUT FILE NAME             = C:\Users\Marko\Documents\1 l Dokumenti\1 l Fakulteta\5 l 5. semester\3 l Dinamika togih teles\1 l Seminar\metamaterials\Ansys\_ProjectScratch\Scr9C16\solve.out
  START-UP FILE MODE           = NOREAD
  STOP FILE MODE               = NOREAD

 RELEASE= 2022 R2              BUILD= 22.2      UP20220516   VERSION=WINDOWS x64 
 CURRENT JOBNAME=file0  15:45:58  JAN 02, 2023 CP=      0.000


 PARAMETER _DS_PROGRESS =     999.0000000    

 /INPUT FILE= ds.dat  LINE=       0



 *** NOTE ***                            CP =       0.078   TIME= 15:45:58
 The /CONFIG,NOELDB command is not valid in a distributed memory         
 parallel solution.  Command is ignored.                                 

 *GET  _WALLSTRT  FROM  ACTI  ITEM=TIME WALL  VALUE=  15.7661111    

 TITLE= 
 Young modulus--Modal (B5)                                                     

  ACT Extensions:
      LSDYNA, 2022.2
      5f463412-bd3e-484b-87e7-cbc0a665e474, wbex
 /COM,     ANSYSMotion, 2022.2
      20180725-3f81-49eb-9f31-41364844c769, wbex
  

 SET PARAMETER DIMENSIONS ON  _WB_PROJECTSCRATCH_DIR
  TYPE=STRI  DIMENSIONS=      248        1        1

 PARAMETER _WB_PROJECTSCRATCH_DIR(1) = C:\Users\Marko\Documents\1 l Dokumenti\1 l Fakulteta\5 l 5. semester\3 l Dinamika togih teles\1 l Seminar\metamaterials\Ansys\_ProjectScratch\Scr9C16\

 SET PARAMETER DIMENSIONS ON  _WB_SOLVERFILES_DIR
  TYPE=STRI  DIMENSIONS=      248        1        1

 PARAMETER _WB_SOLVERFILES_DIR(1) = C:\Users\Marko\Documents\1 l Dokumenti\1 l Fakulteta\5 l 5. semester\3 l Dinamika togih teles\1 l Seminar\metamaterials\Ansys\Young modulus_files\dp0\SYS\MECH\

 SET PARAMETER DIMENSIONS ON  _WB_USERFILES_DIR
  TYPE=STRI  DIMENSIONS=      248        1        1

 PARAMETER _WB_USERFILES_DIR(1) = C:\Users\Marko\Documents\1 l Dokumenti\1 l Fakulteta\5 l 5. semester\3 l Dinamika togih teles\1 l Seminar\metamaterials\Ansys\Young modulus_files\user_files\
 --- Data in consistent MKS units. See Solving Units in the help system for more

 MKS UNITS SPECIFIED FOR INTERNAL    
  LENGTH        (l)  = METER (M)
  MASS          (M)  = KILOGRAM (KG)
  TIME          (t)  = SECOND (SEC)
  TEMPERATURE   (T)  = CELSIUS (C)
  TOFFSET            = 273.0
  CHARGE        (Q)  = COULOMB
  FORCE         (f)  = NEWTON (N) (KG-M/SEC2)
  HEAT               = JOULE (N-M)

  PRESSURE           = PASCAL (NEWTON/M**2)
  ENERGY        (W)  = JOULE (N-M)
  POWER         (P)  = WATT (N-M/SEC)
  CURRENT       (i)  = AMPERE (COULOMBS/SEC)
  CAPACITANCE   (C)  = FARAD
  INDUCTANCE    (L)  = HENRY
  MAGNETIC FLUX      = WEBER
  RESISTANCE    (R)  = OHM
  ELECTRIC POTENTIAL = VOLT

 INPUT  UNITS ARE ALSO SET TO MKS 

 *** MAPDL - ENGINEERING ANALYSIS SYSTEM  RELEASE 2022 R2          22.2     ***
 Ansys Mechanical Enterprise Academic Student      
 00000000  VERSION=WINDOWS x64   15:45:58  JAN 02, 2023 CP=      0.078

 Young modulus--Modal (B5)                                                     



          ***** MAPDL ANALYSIS DEFINITION (PREP7) *****
 *********** Nodes for the whole assembly ***********
 *********** Elements for Body 1 "Tester-FreeParts|Boss-Extrude2" ***********
 *********** Send User Defined Coordinate System(s) ***********
 *********** Set Reference Temperature ***********
 *********** Send Materials ***********
 *********** Fixed Supports ***********


 ***** ROUTINE COMPLETED *****  CP =         0.078


 --- Number of total nodes = 831
 --- Number of contact elements = 0
 --- Number of spring elements = 0
 --- Number of bearing elements = 0
 --- Number of solid elements = 92
 --- Number of condensed parts = 0
 --- Number of total elements = 92

 *GET  _WALLBSOL  FROM  ACTI  ITEM=TIME WALL  VALUE=  15.7661111    

 *****  MAPDL SOLUTION ROUTINE  *****


 PERFORM A MODAL ANALYSIS
  THIS WILL BE A NEW ANALYSIS

 PARAMETER _THICKRATIO =     0.000000000    


 USE SYM. BLOCK LANCZOS MODE EXTRACTION METHOD
  EXTRACT     6 MODES
  NORMALIZE THE MODE SHAPES TO THE MASS MATRIX

 ERASE THE CURRENT DATABASE OUTPUT CONTROL TABLE.


 WRITE ALL  ITEMS TO THE DATABASE WITH A FREQUENCY OF NONE
   FOR ALL APPLICABLE ENTITIES

 WRITE NSOL ITEMS TO THE DATABASE WITH A FREQUENCY OF ALL 
   FOR ALL APPLICABLE ENTITIES


 EXPAND ALL EXTRACTED MODES
  DO NOT CALCULATE ELEMENT RESULTS

 DO NOT COMBINE ELEMENT SAVE DATA FILES (.esav) AFTER DISTRIBUTED PARALLEL SOLUTION

 DO NOT COMBINE ELEMENT MATRIX FILES (.emat) AFTER DISTRIBUTED PARALLEL SOLUTION

 DO NOT COMBINE ASSEMBLED MATRIX FILES (.full) AFTER DISTRIBUTED PARALLEL SOLUTION

 *GET  ANSINTER_  FROM  ACTI  ITEM=INT        VALUE=  0.00000000    

 *IF  ANSINTER_                         ( =   0.00000     )  NE  
      0                                 ( =   0.00000     )  THEN    

 *ENDIF

 *** NOTE ***                            CP =       0.094   TIME= 15:45:58
 The automatic domain decomposition logic has selected the MESH domain   
 decomposition method with 4 processes per solution.                     

 *****  MAPDL SOLVE    COMMAND  *****

 *** WARNING ***                         CP =       0.094   TIME= 15:45:58
 Element shape checking is currently inactive.  Issue SHPP,ON or         
 SHPP,WARN to reactivate, if desired.                                    

 *** NOTE ***                            CP =       0.094   TIME= 15:45:58
 The model data was checked and warning messages were found.             
  Please review output or errors file ( C:\Users\Marko\Documents\1 l     
 Dokumenti\1 l Fakulteta\5 l 5.  Semester\3 l Dinamika togih teles\1 l   
 Seminar\metamaterials\Ansys\_ProjectScratch\Scr9C16\file0.err ) for     
 these warning messages.                                                 

 *** SELECTION OF ELEMENT TECHNOLOGIES FOR APPLICABLE ELEMENTS ***
      --- GIVE SUGGESTIONS AND RESET THE KEY OPTIONS ---

 ELEMENT TYPE         1 IS SOLID186. KEYOPT(2)=0 IS SUGGESTED AND HAS BEEN RESET.
  KEYOPT(1-12)=    0    0    0    0    0    0    0    0    0    0    0    0



 *** MAPDL - ENGINEERING ANALYSIS SYSTEM  RELEASE 2022 R2          22.2     ***
 Ansys Mechanical Enterprise Academic Student      
 00000000  VERSION=WINDOWS x64   15:45:58  JAN 02, 2023 CP=      0.094

 Young modulus--Modal (B5)                                                     



                       S O L U T I O N   O P T I O N S

   PROBLEM DIMENSIONALITY. . . . . . . . . . . . .3-D                  
   DEGREES OF FREEDOM. . . . . . UX   UY   UZ  
   ANALYSIS TYPE . . . . . . . . . . . . . . . . .MODAL                
      EXTRACTION METHOD. . . . . . . . . . . . . .BLOCK LANCZOS
   OFFSET TEMPERATURE FROM ABSOLUTE ZERO . . . . .  273.15    
   NUMBER OF MODES TO EXTRACT. . . . . . . . . . .     6
   GLOBALLY ASSEMBLED MATRIX . . . . . . . . . . .SYMMETRIC  
   NUMBER OF MODES TO EXPAND . . . . . . . . . . .ALL
   ELEMENT RESULTS CALCULATION . . . . . . . . . .OFF

 *** NOTE ***                            CP =       0.094   TIME= 15:45:58
 The conditions for direct assembly have been met.  No .emat or .erot    
 files will be produced.                                                 

  
  
     D I S T R I B U T E D   D O M A I N   D E C O M P O S E R
  
  ...Number of elements: 92
  ...Number of nodes:    831
  ...Decompose to 4 CPU domains
  ...Element load balance ratio =     1.043


                      L O A D   S T E P   O P T I O N S

   LOAD STEP NUMBER. . . . . . . . . . . . . . . .     1
   THERMAL STRAINS INCLUDED IN THE LOAD VECTOR . .   YES
   PRINT OUTPUT CONTROLS . . . . . . . . . . . . .NO PRINTOUT
   DATABASE OUTPUT CONTROLS
      ITEM     FREQUENCY   COMPONENT
       ALL       NONE               
      NSOL        ALL               



                         ***********  PRECISE MASS SUMMARY  ***********

   TOTAL RIGID BODY MASS MATRIX ABOUT ORIGIN
               Translational mass               |   Coupled translational/rotational mass
        0.15566E-02    0.0000        0.0000     |     0.0000       0.78417E-21  -0.30379E-05
         0.0000       0.15566E-02    0.0000     |   -0.78417E-21    0.0000      -0.30256E-17
         0.0000        0.0000       0.15566E-02 |    0.30379E-05   0.30256E-17    0.0000    
     ------------------------------------------ | ------------------------------------------
                                                |         Rotational mass (inertia)
                                                |    0.18360E-07   0.18648E-19  -0.96612E-23
                                                |    0.18641E-19   0.14290E-05  -0.26980E-23
                                                |   -0.35091E-23  -0.20518E-23   0.14328E-05

   TOTAL MASS = 0.15566E-02
     The mass principal axes coincide with the global Cartesian axes

   CENTER OF MASS (X,Y,Z)=  -0.19437E-14   0.19516E-02   0.50377E-18

   TOTAL INERTIA ABOUT CENTER OF MASS
        0.12431E-07   0.12743E-19  -0.96612E-23
        0.12743E-19   0.14290E-05  -0.11676E-23
       -0.96612E-23  -0.11676E-23   0.14269E-05
     The inertia principal axes coincide with the global Cartesian axes


  *** MASS SUMMARY BY ELEMENT TYPE ***

  TYPE      MASS
     1  0.155659E-02

 Range of element maximum matrix coefficients in global coordinates
 Maximum = 37081520.8 at element 85.                                     
 Minimum = 13543052.8 at element 90.                                     

   *** ELEMENT MATRIX FORMULATION TIMES
     TYPE    NUMBER   ENAME      TOTAL CP  AVE CP

        1        92  SOLID186      0.016   0.000170
 Time at end of element matrix formulation CP = 0.125.                   

  BLOCK LANCZOS CALCULATION OF UP TO     6 EIGENVECTORS.
  NUMBER OF EQUATIONS              =         2367
  MAXIMUM WAVEFRONT                =          180
  MAXIMUM MODES STORED             =            6
  MINIMUM EIGENVALUE               =  0.00000E+00
  MAXIMUM EIGENVALUE               =  0.10000E+31


  Process memory allocated for solver              =     2.052 MB
  Process memory required for in-core solution     =     1.956 MB
  Process memory required for out-of-core solution =     1.434 MB

  Total memory allocated for solver                =     8.295 MB
  Total memory required for in-core solution       =     7.909 MB
  Total memory required for out-of-core solution   =     5.982 MB

 *** NOTE ***                            CP =       0.250   TIME= 15:45:59
 The Distributed Sparse Matrix Solver used by the Block Lanczos          
 eigensolver is currently running in the in-core memory mode.  This      
 memory mode uses the most amount of memory in order to avoid using the  
 hard drive as much as possible, which most often results in the         
 fastest solution time.  This mode is recommended if enough physical     
 memory is present to accommodate all of the solver data.                

  Process memory required for in-core LANCZOS Workspace             =     2.836281 MB
  Process memory required for out-of-core LANCZOS Workspace         =     551.976563 KB

  Total   memory required for in-core LANCZOS Workspace             =     12.141083 MB
  Total   memory required for out-of-core LANCZOS Workspace         =     2.175110 MB


 *** MAPDL - ENGINEERING ANALYSIS SYSTEM  RELEASE 2022 R2          22.2     ***
 Ansys Mechanical Enterprise Academic Student      
 00000000  VERSION=WINDOWS x64   15:45:59  JAN 02, 2023 CP=      0.281

 Young modulus--Modal (B5)                                                     



 *** FREQUENCIES FROM BLOCK LANCZOS ITERATION ***

  MODE    FREQUENCY (HERTZ)      


    1     355.8482588606    
    2     977.7622992247    
    3     1828.325818850    
    4     1911.865956190    
    5     2104.068934928    
    6     3151.325563077    

 *** MAPDL - ENGINEERING ANALYSIS SYSTEM  RELEASE 2022 R2          22.2     ***
 Ansys Mechanical Enterprise Academic Student      
 00000000  VERSION=WINDOWS x64   15:45:59  JAN 02, 2023 CP=      0.281

 Young modulus--Modal (B5)                                                     





          ***** PARTICIPATION FACTOR CALCULATION *****  X  DIRECTION
                                                                                  CUMULATIVE     RATIO EFF.MASS
  MODE   FREQUENCY       PERIOD      PARTIC.FACTOR     RATIO    EFFECTIVE MASS   MASS FRACTION   TO TOTAL MASS
     1     355.848       0.28102E-02  -0.42001E-05    0.006717    0.176405E-10    0.422426E-04    0.113328E-07
     2     977.762       0.10227E-02  -0.16158E-03    0.258421    0.261085E-07    0.625626E-01    0.167729E-04
     3     1828.33       0.54695E-03    0.0000        0.000000     0.00000        0.625626E-01     0.00000    
     4     1911.87       0.52305E-03  -0.22764E-04    0.036406    0.518184E-09    0.638034E-01    0.332897E-06
     5     2104.07       0.47527E-03    0.0000        0.000000     0.00000        0.638034E-01     0.00000    
     6     3151.33       0.31733E-03   0.62526E-03    1.000000    0.390955E-06     1.00000        0.251162E-03
 -----------------------------------------------------------------------------------------------------------------
   sum                                                            0.417600E-06                    0.268279E-03
 -----------------------------------------------------------------------------------------------------------------



          ***** PARTICIPATION FACTOR CALCULATION *****  Y  DIRECTION
                                                                                  CUMULATIVE     RATIO EFF.MASS
  MODE   FREQUENCY       PERIOD      PARTIC.FACTOR     RATIO    EFFECTIVE MASS   MASS FRACTION   TO TOTAL MASS
     1     355.848       0.28102E-02   0.21291E-01    1.000000    0.453311E-03    0.836986        0.291221    
     2     977.762       0.10227E-02   0.27509E-04    0.001292    0.756770E-09    0.836987        0.486173E-06
     3     1828.33       0.54695E-03    0.0000        0.000000     0.00000        0.836987         0.00000    
     4     1911.87       0.52305E-03   0.93961E-02    0.441316    0.882867E-04    0.999999        0.567181E-01
     5     2104.07       0.47527E-03    0.0000        0.000000     0.00000        0.999999         0.00000    
     6     3151.33       0.31733E-03  -0.26765E-04    0.001257    0.716352E-09     1.00000        0.460207E-06
 -----------------------------------------------------------------------------------------------------------------
   sum                                                            0.541599E-03                    0.347940    
 -----------------------------------------------------------------------------------------------------------------



          ***** PARTICIPATION FACTOR CALCULATION *****  Z  DIRECTION
                                                                                  CUMULATIVE     RATIO EFF.MASS
  MODE   FREQUENCY       PERIOD      PARTIC.FACTOR     RATIO    EFFECTIVE MASS   MASS FRACTION   TO TOTAL MASS
     1     355.848       0.28102E-02    0.0000        0.000000     0.00000         0.00000         0.00000    
     2     977.762       0.10227E-02    0.0000        0.000000     0.00000         0.00000         0.00000    
     3     1828.33       0.54695E-03  -0.25587E-02    0.115128    0.654670E-05    0.130811E-01    0.420580E-02
     4     1911.87       0.52305E-03    0.0000        0.000000     0.00000        0.130811E-01     0.00000    
     5     2104.07       0.47527E-03   0.22224E-01    1.000000    0.493923E-03     1.00000        0.317311    
     6     3151.33       0.31733E-03    0.0000        0.000000     0.00000         1.00000         0.00000    
 -----------------------------------------------------------------------------------------------------------------
   sum                                                            0.500469E-03                    0.321517    
 -----------------------------------------------------------------------------------------------------------------



          ***** PARTICIPATION FACTOR CALCULATION *****ROTX DIRECTION
                                                                                  CUMULATIVE     RATIO EFF.MASS
  MODE   FREQUENCY       PERIOD      PARTIC.FACTOR     RATIO    EFFECTIVE MASS   MASS FRACTION   TO TOTAL MASS
     1     355.848       0.28102E-02    0.0000        0.000000     0.00000         0.00000         0.00000    
     2     977.762       0.10227E-02    0.0000        0.000000     0.00000         0.00000         0.00000    
     3     1828.33       0.54695E-03  -0.50365E-04    1.000000    0.253666E-08    0.985668        0.138162    
     4     1911.87       0.52305E-03    0.0000        0.000000     0.00000        0.985668         0.00000    
     5     2104.07       0.47527E-03   0.60732E-05    0.120584    0.368843E-10     1.00000        0.200895E-02
     6     3151.33       0.31733E-03    0.0000        0.000000     0.00000         1.00000         0.00000    
 -----------------------------------------------------------------------------------------------------------------
   sum                                                            0.257354E-08                    0.140171    
 -----------------------------------------------------------------------------------------------------------------



          ***** PARTICIPATION FACTOR CALCULATION *****ROTY DIRECTION
                                                                                  CUMULATIVE     RATIO EFF.MASS
  MODE   FREQUENCY       PERIOD      PARTIC.FACTOR     RATIO    EFFECTIVE MASS   MASS FRACTION   TO TOTAL MASS
     1     355.848       0.28102E-02    0.0000        0.000000     0.00000         0.00000         0.00000    
     2     977.762       0.10227E-02    0.0000        0.000000     0.00000         0.00000         0.00000    
     3     1828.33       0.54695E-03   0.23063E-06    0.334116    0.531906E-13    0.100423        0.372211E-07
     4     1911.87       0.52305E-03    0.0000        0.000000     0.00000        0.100423         0.00000    
     5     2104.07       0.47527E-03  -0.69027E-06    1.000000    0.476475E-12     1.00000        0.333422E-06
     6     3151.33       0.31733E-03    0.0000        0.000000     0.00000         1.00000         0.00000    
 -----------------------------------------------------------------------------------------------------------------
   sum                                                            0.529665E-12                    0.370643E-06
 -----------------------------------------------------------------------------------------------------------------



          ***** PARTICIPATION FACTOR CALCULATION *****ROTZ DIRECTION
                                                                                  CUMULATIVE     RATIO EFF.MASS
  MODE   FREQUENCY       PERIOD      PARTIC.FACTOR     RATIO    EFFECTIVE MASS   MASS FRACTION   TO TOTAL MASS
     1     355.848       0.28102E-02  -0.15301E-06    0.000479    0.234116E-13    0.161615E-06    0.163396E-07
     2     977.762       0.10227E-02   0.31951E-03    1.000000    0.102084E-06    0.704707        0.712473E-01
     3     1828.33       0.54695E-03    0.0000        0.000000     0.00000        0.704707         0.00000    
     4     1911.87       0.52305E-03   0.75316E-06    0.002357    0.567251E-12    0.704711        0.395901E-06
     5     2104.07       0.47527E-03    0.0000        0.000000     0.00000        0.704711         0.00000    
     6     3151.33       0.31733E-03  -0.20682E-03    0.647321    0.427756E-07     1.00000        0.298543E-01
 -----------------------------------------------------------------------------------------------------------------
   sum                                                            0.144860E-06                    0.101102    
 -----------------------------------------------------------------------------------------------------------------





 *** NOTE ***                            CP =       0.281   TIME= 15:45:59
 The modes requested are mass normalized (Nrmkey on MODOPT).  However,   
 the modal masses and kinetic energies below are calculated with unit    
 normalized modes.                                                       

        ***** MODAL MASSES, KINETIC ENERGIES, AND TRANSLATIONAL EFFECTIVE MASSES SUMMARY *****

                                                                         EFFECTIVE MASS
  MODE  FREQUENCY   MODAL MASS     KENE      |      X-DIR      RATIO%   Y-DIR      RATIO%   Z-DIR      RATIO% 
     1   355.8      0.2565E-03   641.1       |    0.1764E-10    0.00  0.4533E-03   29.12   0.000        0.00
     2   977.8      0.2773E-03   5233.       |    0.2611E-07    0.00  0.7568E-09    0.00   0.000        0.00
     3   1828.      0.1076E-03   7098.       |     0.000        0.00   0.000        0.00  0.6547E-05    0.42
     4   1912.      0.2678E-03  0.1932E+05   |    0.5182E-09    0.00  0.8829E-04    5.67   0.000        0.00
     5   2104.      0.2776E-03  0.2425E+05   |     0.000        0.00   0.000        0.00  0.4939E-03   31.73
     6   3151.      0.2589E-03  0.5075E+05   |    0.3910E-06    0.03  0.7164E-09    0.00   0.000        0.00
 --------------------------------------------------------------------------------------------------------------
   sum                                       |    0.4176E-06    0.03  0.5416E-03   34.79  0.5005E-03   32.15
 --------------------------------------------------------------------------------------------------------------


 *** MAPDL BINARY FILE STATISTICS
  BUFFER SIZE USED= 16384
        0.500 MB WRITTEN ON ASSEMBLED MATRIX FILE: file0.full
        0.062 MB WRITTEN ON MODAL MATRIX FILE: file0.mode
        0.375 MB WRITTEN ON RESULTS FILE: file0.rst
 *************** Write FE CONNECTORS *********

 WRITE OUT CONSTRAINT EQUATIONS TO FILE= file.ce                                                                                                                                                                                                                                                             

 *GET  _NMODALSOLPROC  FROM  ACTI  ITEM=NUMC       VALUE=  4.00000000    

 FINISH SOLUTION PROCESSING


 ***** ROUTINE COMPLETED *****  CP =         0.297



 PRINTOUT RESUMED BY /GOP

 *GET  _WALLASOL  FROM  ACTI  ITEM=TIME WALL  VALUE=  15.7663889    

 *** MAPDL - ENGINEERING ANALYSIS SYSTEM  RELEASE 2022 R2          22.2     ***
 Ansys Mechanical Enterprise Academic Student      
 00000000  VERSION=WINDOWS x64   15:45:59  JAN 02, 2023 CP=      0.297

 Young modulus--Modal (B5)                                                     



          ***** MAPDL RESULTS INTERPRETATION (POST1) *****

 *** NOTE ***                            CP =       0.297   TIME= 15:45:59
 Reading results into the database (SET command) will update the current 
 displacement and force boundary conditions in the database with the     
 values from the results file for that load set.  Note that any          
 subsequent solutions will use these values unless action is taken to    
 either SAVE the current values or not overwrite them (/EXIT,NOSAVE).    

 PRINTOUT RESUMED BY /GOP

 Set Encoding of XML File to:ISO-8859-1

 Set Output of XML File to:
     PARM,     ,     ,     ,     ,     ,     ,     ,     ,     ,     ,     ,
         ,     ,     ,     ,     ,     ,     ,

 DATABASE WRITTEN ON FILE  parm.xml                                                                                                                                                                                                                                                            

 EXIT THE MAPDL POST1 DATABASE PROCESSOR


 ***** ROUTINE COMPLETED *****  CP =         0.312



 PRINTOUT RESUMED BY /GOP

 *GET  _WALLDONE  FROM  ACTI  ITEM=TIME WALL  VALUE=  15.7663889    

 PARAMETER _PREPTIME =     0.000000000    

 PARAMETER _SOLVTIME =     1.000000000    

 PARAMETER _POSTTIME =     0.000000000    

 PARAMETER _TOTALTIM =     1.000000000    

 *GET  _DLBRATIO  FROM  ACTI  ITEM=SOLU DLBR  VALUE=  1.04347826    

 *GET  _COMBTIME  FROM  ACTI  ITEM=SOLU COMB  VALUE= 0.184990000E-01

 *GET  _SSMODE   FROM  ACTI  ITEM=SOLU SSMM  VALUE=  2.00000000    

 *GET  _NDOFS    FROM  ACTI  ITEM=SOLU NDOF  VALUE=  2367.00000    

 /FCLEAN COMMAND REMOVING ALL LOCAL FILES
 --- Total number of nodes = 831
 --- Total number of elements = 92
 --- Element load balance ratio = 1.04347826
 --- Time to combine distributed files = 1.8499E-02
 --- Sparse memory mode = 2
 --- Number of DOF = 2367

 EXIT MAPDL WITHOUT SAVING DATABASE


 NUMBER OF WARNING MESSAGES ENCOUNTERED=          1
 NUMBER OF ERROR   MESSAGES ENCOUNTERED=          0

+--------------------- M A P D L   S T A T I S T I C S ------------------------+

Release: 2022 R2            Build: 22.2       Update: UP20220516   Platform: WINDOWS x64 
Date Run: 01/02/2023   Time: 15:45     Process ID: 22704
Operating System: Windows 10  (Build: 22621)

Processor Model: AMD Ryzen 5 4600HS with Radeon Graphics

Compiler: Intel(R) Fortran Compiler Version 19.0.5  (Build: 20190815)
          Intel(R) C/C++ Compiler Version 19.0.5  (Build: 20190815)
          Intel(R) Math Kernel Library Version 2020.0.0 Product Build 20191125
          BLAS Library supplied by AMD BLIS

Number of machines requested            :    1
Total number of cores available         :   12
Number of physical cores available      :    6
Number of processes requested           :    4
Number of threads per process requested :    1
Total number of cores requested         :    4 (Distributed Memory Parallel)               
MPI Type: INTELMPI
MPI Version: Intel(R) MPI Library 2021.5 for Windows* OS


GPU Acceleration: Not Requested

Job Name: file0
Input File: dummy.dat

  Core                Machine Name   Working Directory
 -----------------------------------------------------
     0                       Marko   C:\Users\Marko\Documents\1 l Dokumenti\1 l Fakulteta\5 l 5. semester\3 l Dinamika togih teles\1 l Seminar\metamaterials\Ansys\_ProjectScratch\Scr9C16
     1                       Marko   C:\Users\Marko\Documents\1 l Dokumenti\1 l Fakulteta\5 l 5. semester\3 l Dinamika togih teles\1 l Seminar\metamaterials\Ansys\_ProjectScratch\Scr9C16
     2                       Marko   C:\Users\Marko\Documents\1 l Dokumenti\1 l Fakulteta\5 l 5. semester\3 l Dinamika togih teles\1 l Seminar\metamaterials\Ansys\_ProjectScratch\Scr9C16
     3                       Marko   C:\Users\Marko\Documents\1 l Dokumenti\1 l Fakulteta\5 l 5. semester\3 l Dinamika togih teles\1 l Seminar\metamaterials\Ansys\_ProjectScratch\Scr9C16
 
Latency time from master to core     1 =    3.549 microseconds
Latency time from master to core     2 =    3.531 microseconds
Latency time from master to core     3 =    4.006 microseconds
 
Communication speed from master to core     1 =  2497.35 MB/sec
Communication speed from master to core     2 =  2740.11 MB/sec
Communication speed from master to core     3 =  2461.66 MB/sec

Total CPU time for main thread                    :        0.2 seconds
Total CPU time summed for all threads             :        0.3 seconds

Elapsed time spent obtaining a license            :        0.4 seconds
Elapsed time spent pre-processing model (/PREP7)  :        0.0 seconds
Elapsed time spent solution - preprocessing       :        0.0 seconds
Elapsed time spent computing solution             :        0.3 seconds
Elapsed time spent solution - postprocessing      :        0.0 seconds
Elapsed time spent post-processing model (/POST1) :        0.0 seconds
 
Eigensolver used                                  :            Block Lanczos

Sum of memory used on all processes               :      156.0 MB
Sum of memory allocated on all processes          :     5184.0 MB
Physical memory available                         :         11 GB

Total amount of I/O written to disk               :        0.0 GB
Total amount of I/O read from disk                :        0.0 GB

+------------------ E N D   M A P D L   S T A T I S T I C S -------------------+


 *---------------------------------------------------------------------------*
 |                                                                           |
 |                               RUN COMPLETED                               |
 |                                                                           |
 |---------------------------------------------------------------------------|
 |                                                                           |
 |  Ansys MAPDL 2022 R2         Build 22.2         UP20220516    WINDOWS x64 |
 |                                                                           |
 |---------------------------------------------------------------------------|
 |                                                                           |
 | Database Requested(-db)  1024 MB    Scratch Memory Requested      1024 MB |
 | Maximum Database Used       1 MB    Maximum Scratch Memory Used     38 MB |
 |                                                                           |
 |---------------------------------------------------------------------------|
 |                                                                           |
 |        CP Time      (sec) =          0.312       Time  =  15:45:59        |
 |        Elapsed Time (sec) =          2.000       Date  =  01/02/2023      |
 |                                                                           |
 *---------------------------------------------------------------------------*
